Error[105]   /home/Lotharius16/GITS/Control_De_Temperatura/CONTROLADOR_TEMPERATURA.X/TEMPMAIN.ASM 58 : Cannot open file (Include File "p18F25K50_fz.inc" not found)
Error[105]   /home/Lotharius16/GITS/Control_De_Temperatura/CONTROLADOR_TEMPERATURA.X/TEMPMAIN.ASM 63 : Cannot open file (Include File "25k50config.inc" not found)
Error[105]   /home/Lotharius16/GITS/Control_De_Temperatura/CONTROLADOR_TEMPERATURA.X/TEMPMAIN.ASM 64 : Cannot open file (Include File "vectors.inc" not found)
Error[105]   /home/Lotharius16/GITS/Control_De_Temperatura/CONTROLADOR_TEMPERATURA.X/TEMPMAIN.ASM 65 : Cannot open file (Include File "hwconfig.inc" not found)
Error[149]   /home/Lotharius16/GITS/Control_De_Temperatura/CONTROLADOR_TEMPERATURA.X/TEMPMAIN.ASM 128 : Directive only allowed when generating an object file
Error[113]   /home/Lotharius16/GITS/Control_De_Temperatura/CONTROLADOR_TEMPERATURA.X/TEMPMAIN.ASM 128 : Symbol not previously defined (REMAPPED_APP_RESET_VECTOR)
Error[149]   /home/Lotharius16/GITS/Control_De_Temperatura/CONTROLADOR_TEMPERATURA.X/TEMPMAIN.ASM 137 : Directive only allowed when generating an object file
Error[113]   /home/Lotharius16/GITS/Control_De_Temperatura/CONTROLADOR_TEMPERATURA.X/TEMPMAIN.ASM 137 : Symbol not previously defined (REMAPPED_APP_HIGH_ISR_VECTOR)
Error[118]   /home/Lotharius16/GITS/Control_De_Temperatura/CONTROLADOR_TEMPERATURA.X/TEMPMAIN.ASM 139 : Overwriting previous address contents (0000)
Error[118]   /home/Lotharius16/GITS/Control_De_Temperatura/CONTROLADOR_TEMPERATURA.X/TEMPMAIN.ASM 139 : Overwriting previous address contents (0001)
Error[149]   /home/Lotharius16/GITS/Control_De_Temperatura/CONTROLADOR_TEMPERATURA.X/TEMPMAIN.ASM 146 : Directive only allowed when generating an object file
Error[113]   /home/Lotharius16/GITS/Control_De_Temperatura/CONTROLADOR_TEMPERATURA.X/TEMPMAIN.ASM 146 : Symbol not previously defined (REMAPPED_APP_LOW_ISR_VECTOR)
Error[113]   /home/Lotharius16/GITS/Control_De_Temperatura/CONTROLADOR_TEMPERATURA.X/TEMPMAIN.ASM 148 : Symbol not previously defined (STATUS)
Error[118]   /home/Lotharius16/GITS/Control_De_Temperatura/CONTROLADOR_TEMPERATURA.X/TEMPMAIN.ASM 148 : Overwriting previous address contents (0000)
Error[118]   /home/Lotharius16/GITS/Control_De_Temperatura/CONTROLADOR_TEMPERATURA.X/TEMPMAIN.ASM 148 : Overwriting previous address contents (0001)
Error[118]   /home/Lotharius16/GITS/Control_De_Temperatura/CONTROLADOR_TEMPERATURA.X/TEMPMAIN.ASM 148 : Overwriting previous address contents (0002)
Error[118]   /home/Lotharius16/GITS/Control_De_Temperatura/CONTROLADOR_TEMPERATURA.X/TEMPMAIN.ASM 148 : Overwriting previous address contents (0003)
Error[113]   /home/Lotharius16/GITS/Control_De_Temperatura/CONTROLADOR_TEMPERATURA.X/TEMPMAIN.ASM 149 : Symbol not previously defined (WREG)
Error[113]   /home/Lotharius16/GITS/Control_De_Temperatura/CONTROLADOR_TEMPERATURA.X/TEMPMAIN.ASM 150 : Symbol not previously defined (BSR)
Error[113]   /home/Lotharius16/GITS/Control_De_Temperatura/CONTROLADOR_TEMPERATURA.X/TEMPMAIN.ASM 155 : Symbol not previously defined (BSR)
Error[113]   /home/Lotharius16/GITS/Control_De_Temperatura/CONTROLADOR_TEMPERATURA.X/TEMPMAIN.ASM 156 : Symbol not previously defined (WREG)
Error[113]   /home/Lotharius16/GITS/Control_De_Temperatura/CONTROLADOR_TEMPERATURA.X/TEMPMAIN.ASM 157 : Symbol not previously defined (STATUS)
Error[113]   /home/Lotharius16/GITS/Control_De_Temperatura/CONTROLADOR_TEMPERATURA.X/TEMPMAIN.ASM 174 : Symbol not previously defined (FAST)
Error[113]   /home/Lotharius16/GITS/Control_De_Temperatura/CONTROLADOR_TEMPERATURA.X/TEMPMAIN.ASM 257 : Symbol not previously defined (OSCTUNE)
Error[113]   /home/Lotharius16/GITS/Control_De_Temperatura/CONTROLADOR_TEMPERATURA.X/TEMPMAIN.ASM 259 : Symbol not previously defined (OSCCON)
Error[113]   /home/Lotharius16/GITS/Control_De_Temperatura/CONTROLADOR_TEMPERATURA.X/TEMPMAIN.ASM 261 : Symbol not previously defined (OSCCON2)
Error[113]   /home/Lotharius16/GITS/Control_De_Temperatura/CONTROLADOR_TEMPERATURA.X/TEMPMAIN.ASM 280 : Symbol not previously defined (PORTA)
Error[113]   /home/Lotharius16/GITS/Control_De_Temperatura/CONTROLADOR_TEMPERATURA.X/TEMPMAIN.ASM 281 : Symbol not previously defined (PORTB)
Error[113]   /home/Lotharius16/GITS/Control_De_Temperatura/CONTROLADOR_TEMPERATURA.X/TEMPMAIN.ASM 283 : Symbol not previously defined (ANSELB)
Error[113]   /home/Lotharius16/GITS/Control_De_Temperatura/CONTROLADOR_TEMPERATURA.X/TEMPMAIN.ASM 285 : Symbol not previously defined (ADCON1)
Error[113]   /home/Lotharius16/GITS/Control_De_Temperatura/CONTROLADOR_TEMPERATURA.X/TEMPMAIN.ASM 287 : Symbol not previously defined (TRISB)
Error[113]   /home/Lotharius16/GITS/Control_De_Temperatura/CONTROLADOR_TEMPERATURA.X/TEMPMAIN.ASM 289 : Symbol not previously defined (TRISA)
Error[113]   /home/Lotharius16/GITS/Control_De_Temperatura/CONTROLADOR_TEMPERATURA.X/TEMPMAIN.ASM 291 : Symbol not previously defined (TRISC)
Error[113]   /home/Lotharius16/GITS/Control_De_Temperatura/CONTROLADOR_TEMPERATURA.X/TEMPMAIN.ASM 301 : Symbol not previously defined (ADCON2)
Error[113]   /home/Lotharius16/GITS/Control_De_Temperatura/CONTROLADOR_TEMPERATURA.X/TEMPMAIN.ASM 303 : Symbol not previously defined (ADCON1)
Error[113]   /home/Lotharius16/GITS/Control_De_Temperatura/CONTROLADOR_TEMPERATURA.X/TEMPMAIN.ASM 305 : Symbol not previously defined (ADCON0)
Error[113]   /home/Lotharius16/GITS/Control_De_Temperatura/CONTROLADOR_TEMPERATURA.X/TEMPMAIN.ASM 310 : Symbol not previously defined (GO)
Error[113]   /home/Lotharius16/GITS/Control_De_Temperatura/CONTROLADOR_TEMPERATURA.X/TEMPMAIN.ASM 310 : Symbol not previously defined (ADCON0)
Error[113]   /home/Lotharius16/GITS/Control_De_Temperatura/CONTROLADOR_TEMPERATURA.X/TEMPMAIN.ASM 312 : Symbol not previously defined (GO)
Error[113]   /home/Lotharius16/GITS/Control_De_Temperatura/CONTROLADOR_TEMPERATURA.X/TEMPMAIN.ASM 312 : Symbol not previously defined (ADCON0)
Error[113]   /home/Lotharius16/GITS/Control_De_Temperatura/CONTROLADOR_TEMPERATURA.X/TEMPMAIN.ASM 314 : Symbol not previously defined (ADRESH)
Error[113]   /home/Lotharius16/GITS/Control_De_Temperatura/CONTROLADOR_TEMPERATURA.X/TEMPMAIN.ASM 334 : Symbol not previously defined (C)
Error[113]   /home/Lotharius16/GITS/Control_De_Temperatura/CONTROLADOR_TEMPERATURA.X/TEMPMAIN.ASM 334 : Symbol not previously defined (STATUS)
Error[113]   /home/Lotharius16/GITS/Control_De_Temperatura/CONTROLADOR_TEMPERATURA.X/TEMPMAIN.ASM 345 : Symbol not previously defined (C)
Error[113]   /home/Lotharius16/GITS/Control_De_Temperatura/CONTROLADOR_TEMPERATURA.X/TEMPMAIN.ASM 345 : Symbol not previously defined (STATUS)
Error[113]   /home/Lotharius16/GITS/Control_De_Temperatura/CONTROLADOR_TEMPERATURA.X/TEMPMAIN.ASM 366 : Symbol not previously defined (PCL)
Error[113]   /home/Lotharius16/GITS/Control_De_Temperatura/CONTROLADOR_TEMPERATURA.X/TEMPMAIN.ASM 386 : Symbol not previously defined (LATA)
Error[113]   /home/Lotharius16/GITS/Control_De_Temperatura/CONTROLADOR_TEMPERATURA.X/TEMPMAIN.ASM 387 : Symbol not previously defined (LATC)
Error[113]   /home/Lotharius16/GITS/Control_De_Temperatura/CONTROLADOR_TEMPERATURA.X/TEMPMAIN.ASM 389 : Symbol not previously defined (LATC)
Error[113]   /home/Lotharius16/GITS/Control_De_Temperatura/CONTROLADOR_TEMPERATURA.X/TEMPMAIN.ASM 394 : Symbol not previously defined (LATA)
Error[113]   /home/Lotharius16/GITS/Control_De_Temperatura/CONTROLADOR_TEMPERATURA.X/TEMPMAIN.ASM 395 : Symbol not previously defined (LATC)
Error[113]   /home/Lotharius16/GITS/Control_De_Temperatura/CONTROLADOR_TEMPERATURA.X/TEMPMAIN.ASM 397 : Symbol not previously defined (LATC)
Error[113]   /home/Lotharius16/GITS/Control_De_Temperatura/CONTROLADOR_TEMPERATURA.X/TEMPMAIN.ASM 402 : Symbol not previously defined (LATA)
Error[113]   /home/Lotharius16/GITS/Control_De_Temperatura/CONTROLADOR_TEMPERATURA.X/TEMPMAIN.ASM 403 : Symbol not previously defined (LATC)
Error[113]   /home/Lotharius16/GITS/Control_De_Temperatura/CONTROLADOR_TEMPERATURA.X/TEMPMAIN.ASM 405 : Symbol not previously defined (LATC)
